<?xml version="1.0" encoding="UTF-8"?>
<!-- Generated by org.testng.reporters.JUnitXMLReporter -->
<testsuite ignored="0" hostname="Shubham" failures="0" tests="5" name="Default test" time="10.137" errors="0" timestamp="2023-04-24T14:19:49 IST">
  <testcase classname="Login.kk" name="tc1" time="0.04"/>
  <testcase classname="Login.kk" name="tc2" time="0.004"/>
  <testcase classname="Login.kk" name="tc3" time="0.002"/>
  <testcase classname="Login.kk" name="tc4" time="0.002"/>
  <testcase classname="Login.kk" name="tc5" time="0.002"/>
</testsuite> <!-- Default test -->
