<?xml version="1.0" encoding="UTF-8"?>
<!-- Generated by org.testng.reporters.JUnitXMLReporter -->
<testsuite ignored="0" hostname="Shubham" failures="1" tests="1" name="LoginTest" time="9.085" errors="0" timestamp="2023-04-22T09:26:52 IST">
  <testcase classname="Login.test" name="LoginSwagLab" time="0.0">
    <failure type="org.testng.TestNGException" message="
Method public void Login.test.LoginSwagLab(java.lang.String,java.lang.String) requires a @DataProvider named : LoginData">
      <![CDATA[org.testng.TestNGException: 
Method public void Login.test.LoginSwagLab(java.lang.String,java.lang.String) requires a @DataProvider named : LoginData
at java.base/java.util.ArrayList.forEach(ArrayList.java:1511)
... Removed 24 stack frames]]>
    </failure>
  </testcase> <!-- LoginSwagLab -->
</testsuite> <!-- LoginTest -->
